zendesk2.hackerone.com
forwarding.hackerone.com
mail.hackerone.com
zendesk1._domainkey.hackerone.com
ns.hackerone.com
api.hackerone.com
docs.hackerone.com
hackerone-bugbounty.hackerone.com
s1._domainkey.hackerone.com
profile-photos-user-content.hackerone.com
cf-ssl41462-protected-cover-photos-user-content.hackerone.com
www.hackerone.com
go.hackerone.com
resources.hackerone.com
fuvcd75yrl7vgwk6oqe7xkhburoesek3._domainkey.hackerone.com
zendesk3.hackerone.com
intercom._domainkey.hackerone.com
cf-ssl5349-protected-profile-photos-user-content.hackerone.com
zendesk2._domainkey.hackerone.com
email.hackerone.com
o2.email.hackerone.com
mta-sts.forwarding.hackerone.com
hackerone.com
cover-photos-user-content.hackerone.com
managed.hackerone.com
highspot.hackerone.com
info.hackerone.com
o1.email.hackerone.com
support.hackerone.com
zendesk4.hackerone.com
b.ns.hackerone.com
gslink.hackerone.com
gsemail.hackerone.com
email.gh-mail.hackerone.com
4rmwgvdzwlu2qashaksot2tx3bzp6f6e._domainkey.hackerone.com
smtpapi._domainkey.email.hackerone.com
cf-ssl41462-protected-profile-photos-user-content.hackerone.com
staging.hackerone.com
a.ns.hackerone.com
o3.email.hackerone.com
mta-sts.hackerone.com
cf-ssl5349-protected-cover-photos-user-content.hackerone.com
3d.hackerone.com
rxfbf2tj56dndvsyuczniuhbhf4ywzw4._domainkey.hackerone.com
al7r4kzkz7jtpxnklgblvsdikihpu5yt._domainkey.hackerone.com
byp5ohhexnqoscqmu7b57zjb3c5s2xw7._domainkey.hackerone.com
links.hackerone.com
mta-sts.managed.hackerone.com
events.hackerone.com
zendesk1.hackerone.com
email-ses.hackerone.com
notifications.hackerone.com